<?xml version="1.0" encoding="UTF-8"?>
<!-- Generated by org.testng.reporters.JUnitReportReporter -->
<testsuite hostname="LAPTOP-VVD5UK0I" failures="0" tests="1" name="com.tester.testcase.DashboardTest" time="0.007" errors="0" timestamp="2023-02-12T20:20:56 ICT" skipped="0">
  <testcase classname="com.tester.testcase.DashboardTest" name="f" time="0.007"/>
  <system-out/>
</testsuite> <!-- com.tester.testcase.DashboardTest -->
